d:\github\game\game\debug\game.pch
d:\github\game\game\debug\vc141.pdb
d:\github\game\game\debug\vc141.idb
d:\github\game\game\debug\spriteresource.obj
d:\github\game\game\debug\direct.obj
d:\github\game\game\debug\main.obj
d:\github\game\game\debug\maingame.obj
d:\github\game\game\debug\gameobject.obj
d:\github\game\game\debug\player.obj
d:\github\game\game\debug\scene.obj
d:\github\game\game\debug\clock.obj
d:\github\game\game\debug\cmusicresource.obj
d:\github\game\game\debug\hitrange.obj
d:\github\game\debug\game.exe
d:\github\game\debug\game.ilk
d:\github\game\debug\game.pdb
d:\github\game\game\debug\textmanager.obj
d:\github\game\game\debug\game.tlog\cl.command.1.tlog
d:\github\game\game\debug\game.tlog\cl.read.1.tlog
d:\github\game\game\debug\game.tlog\cl.write.1.tlog
d:\github\game\game\debug\game.tlog\link.command.1.tlog
d:\github\game\game\debug\game.tlog\link.read.1.tlog
d:\github\game\game\debug\game.tlog\link.write.1.tlog
